<?xml version="1.0" encoding="UTF-8"?>
<!-- Generated by org.testng.reporters.JUnitReportReporter -->
<testsuite hostname="WS-QA-019" name="example.NewTest" tests="1" failures="0" timestamp="22 Feb 2019 09:17:45 GMT" time="8.828" errors="0">
  <testcase name="f" time="8.828" classname="example.NewTest"/>
</testsuite> <!-- example.NewTest -->
